#! c:/iverilog-x86/bin/vvp
:ivl_version "10.0 (stable)" "(v10_0)";
:ivl_delay_selection "TYPICAL";
:vpi_time_precision + 0;
:vpi_module "system";
:vpi_module "vhdl_sys";
:vpi_module "v2005_math";
:vpi_module "va_math";
S_010d4408 .scope module, "TestBench" "TestBench" 2 81;
 .timescale 0 0;
P_010d4a70 .param/l "datalen" 0 2 84, +C4<00000000000000000000000000001000>;
P_010d4a90 .param/l "errorlen" 0 2 86, +C4<00000000000000000000000000000010>;
P_010d4ab0 .param/l "modelen" 0 2 85, +C4<00000000000000000000000000000100>;
v00fe1190_0 .var "clear", 0 0;
v00fe1298_0 .var "clk", 0 0;
v00fe1450_0 .net "err", 1 0, v00fe33d0_0;  1 drivers
v00fe13f8_0 .var "inA", 7 0;
v00fe14a8_0 .var "inB", 7 0;
v00fe12f0_0 .var "mode", 3 0;
v00fe10e0_0 .net "out", 7 0, v010d3410_0;  1 drivers
S_010d44d8 .scope module, "alu" "ALU" 2 102, 2 48 0, S_010d4408;
 .timescale 0 0;
    .port_info 0 /OUTPUT 8 "out"
    .port_info 1 /OUTPUT 2 "error"
    .port_info 2 /INPUT 8 "inA"
    .port_info 3 /INPUT 8 "inB"
    .port_info 4 /INPUT 4 "mode"
    .port_info 5 /INPUT 1 "clear"
    .port_info 6 /INPUT 1 "clk"
P_010d8ac8 .param/l "datalen" 0 2 50, +C4<00000000000000000000000000001000>;
P_010d8ae8 .param/l "errorlen" 0 2 52, +C4<00000000000000000000000000000010>;
P_010d8b08 .param/l "modelen" 0 2 51, +C4<00000000000000000000000000000100>;
v00fe3320_0 .net "clear", 0 0, v00fe1190_0;  1 drivers
v00fe3378_0 .net "clk", 0 0, v00fe1298_0;  1 drivers
v00fe33d0_0 .var "error", 1 0;
v00fe3428_0 .net "inA", 7 0, v00fe13f8_0;  1 drivers
v00fe1138_0 .net "inB", 7 0, v00fe14a8_0;  1 drivers
v00fe15b0_0 .net "mode", 3 0, v00fe12f0_0;  1 drivers
v00fe1088_0 .net "out", 7 0, v010d3410_0;  alias, 1 drivers
v00fe1608_0 .var "str", 7 0;
E_010dbb60 .event edge, v00fe15b0_0, v00fe3428_0;
S_010d32e8 .scope module, "acu" "DFF" 2 67, 2 29 0, S_010d44d8;
 .timescale 0 0;
    .port_info 0 /OUTPUT 8 "q"
    .port_info 1 /INPUT 1 "clk"
    .port_info 2 /INPUT 8 "d"
    .port_info 3 /INPUT 1 "reset"
P_010dbbb0 .param/l "datalen" 0 2 31, +C4<00000000000000000000000000001000>;
v010d33b8_0 .net "clk", 0 0, v00fe1298_0;  alias, 1 drivers
v010db9e8_0 .net "d", 7 0, v00fe1608_0;  1 drivers
v010d3410_0 .var "q", 7 0;
v010d3468_0 .net "reset", 0 0, v00fe1190_0;  alias, 1 drivers
E_00fd1de8 .event posedge, v010d33b8_0;
    .scope S_010d32e8;
T_0 ;
    %wait E_00fd1de8;
    %load/vec4 v010d3468_0;
    %flag_set/vec4 8;
    %jmp/0 T_0.0, 8;
    %pushi/vec4 0, 0, 8;
    %jmp/1 T_0.1, 8;
T_0.0 ; End of true expr.
    %load/vec4 v010db9e8_0;
    %jmp/0 T_0.1, 8;
 ; End of false expr.
    %blend;
T_0.1;
    %store/vec4 v010d3410_0, 0, 8;
    %jmp T_0;
    .thread T_0;
    .scope S_010d44d8;
T_1 ;
    %wait E_010dbb60;
    %load/vec4 v00fe15b0_0;
    %dup/vec4;
    %pushi/vec4 1, 0, 4;
    %cmp/u;
    %jmp/1 T_1.0, 6;
    %jmp T_1.1;
T_1.0 ;
    %load/vec4 v00fe3428_0;
    %inv;
    %store/vec4 v00fe1608_0, 0, 8;
    %jmp T_1.1;
T_1.1 ;
    %pop/vec4 1;
    %jmp T_1;
    .thread T_1, $push;
    .scope S_010d4408;
T_2 ;
    %delay 17, 0;
    %vpi_call 2 106 "$finish" {0 0 0};
    %end;
    .thread T_2;
    .scope S_010d4408;
T_3 ;
    %pushi/vec4 0, 0, 1;
    %store/vec4 v00fe1298_0, 0, 1;
T_3.0 ;
    %delay 5, 0;
    %load/vec4 v00fe1298_0;
    %inv;
    %store/vec4 v00fe1298_0, 0, 1;
    %jmp T_3.0;
    %end;
    .thread T_3;
    .scope S_010d4408;
T_4 ;
    %delay 6, 0;
T_4.0 ;
    %delay 10, 0;
    %vpi_call 2 121 "$display", "%b --> %b", v00fe13f8_0, v00fe10e0_0 {0 0 0};
    %jmp T_4.0;
    %end;
    .thread T_4;
    .scope S_010d4408;
T_5 ;
    %delay 4, 0;
    %delay 10, 0;
    %pushi/vec4 81, 0, 8;
    %store/vec4 v00fe13f8_0, 0, 8;
    %pushi/vec4 1, 0, 4;
    %store/vec4 v00fe12f0_0, 0, 4;
    %pushi/vec4 0, 0, 1;
    %store/vec4 v00fe1190_0, 0, 1;
    %end;
    .thread T_5;
# The file index is used to find the file name in the following table.
:file_names 3;
    "N/A";
    "<interactive>";
    ".\project.v";
